<?xml version="1.0" encoding="UTF-8"?>
<!-- Generated by org.testng.reporters.JUnitReportReporter -->
<testsuite hostname="Navneet-PC" failures="0" tests="2" name="TestCases.SeleniumTest" time="0.000" errors="0" timestamp="26 Apr. 2020 02:37:28 GMT" skipped="0">
  <testcase classname="TestCases.SeleniumTest" name="openbrowse" time="0.000"/>
  <testcase classname="TestCases.SeleniumTest" name="login" time="0.000"/>
</testsuite> <!-- TestCases.SeleniumTest -->
