<?xml version="1.0" encoding="UTF-8"?>
<!-- Generated by org.testng.reporters.JUnitReportReporter -->
<testsuite hostname="Navneet-PC" failures="0" tests="1" name="TestCases.AppiumTest" time="0.005" errors="0" timestamp="26 Apr. 2020 02:37:28 GMT" skipped="0">
  <testcase classname="TestCases.AppiumTest" name="delete" time="0.005"/>
</testsuite> <!-- TestCases.AppiumTest -->
