<?xml version="1.0" encoding="UTF-8"?>
<!-- Generated by org.testng.reporters.JUnitReportReporter -->
<testsuite hostname="Navneet-PC" failures="0" tests="1" name="TestCases.AppiumTest" time="0.001" errors="0" timestamp="24 Apr. 2020 04:57:59 GMT" skipped="0">
  <testcase classname="TestCases.AppiumTest" name="delete" time="0.001"/>
</testsuite> <!-- TestCases.AppiumTest -->
