<?xml version="1.0" encoding="UTF-8"?>
<!-- Generated by org.testng.reporters.JUnitReportReporter -->
<testsuite hostname="Navneet-PC" failures="0" tests="2" name="TestCases.SeleniumTest" time="0.005" errors="0" timestamp="24 Apr. 2020 04:57:59 GMT" skipped="0">
  <testcase classname="TestCases.SeleniumTest" name="login" time="0.005"/>
  <testcase classname="TestCases.SeleniumTest" name="openbrowse" time="0.000"/>
</testsuite> <!-- TestCases.SeleniumTest -->
